Arguments: 
  /home/vagrant/.nvm/versions/node/v10.1.0/bin/node /home/vagrant/.nvm/versions/node/v10.1.0/bin/yarn add bootstrap

PATH: 
  /home/vagrant/.rvm/gems/ruby-3.0.0/bin:/home/vagrant/.rvm/gems/ruby-3.0.0@global/bin:/home/vagrant/.rvm/rubies/ruby-3.0.0/bin:/home/vagrant/.rvm/bin:/home/vagrant/.nvm/versions/node/v10.1.0/bin:/usr/local/sbin:/usr/local/bin:/usr/sbin:/usr/bin:/sbin:/bin:/usr/games:/usr/local/games:/snap/bin

Yarn version: 
  1.22.19

Node version: 
  10.1.0

Platform: 
  linux x64

Trace: 
  SyntaxError: /home/vagrant/.cache/yarn/v6/npm-jquery-3.7.1-083ef98927c9a6a74d05a6af02806566d16274de-integrity/node_modules/jquery/.yarn-metadata.json: Unexpected end of JSON input
      at JSON.parse (<anonymous>)
      at /home/vagrant/.nvm/versions/node/v10.1.0/lib/node_modules/yarn/lib/cli.js:1629:59
      at Generator.next (<anonymous>)
      at step (/home/vagrant/.nvm/versions/node/v10.1.0/lib/node_modules/yarn/lib/cli.js:310:30)
      at /home/vagrant/.nvm/versions/node/v10.1.0/lib/node_modules/yarn/lib/cli.js:321:13
      at run (/home/vagrant/.nvm/versions/node/v10.1.0/lib/node_modules/yarn/lib/cli.js:101769:22)
      at /home/vagrant/.nvm/versions/node/v10.1.0/lib/node_modules/yarn/lib/cli.js:101786:30
      at flush (/home/vagrant/.nvm/versions/node/v10.1.0/lib/node_modules/yarn/lib/cli.js:101270:9)
      at process._tickCallback (internal/process/next_tick.js:61:11)

npm manifest: 
  {
    "name": "crypto_wallet",
    "version": "1.0.0",
    "main": "index.js",
    "license": "MIT",
    "dependencies": {
      "jquery": "^3.7.1"
    }
  }

yarn manifest: 
  No manifest

Lockfile: 
  # THIS IS AN AUTOGENERATED FILE. DO NOT EDIT THIS FILE DIRECTLY.
  # yarn lockfile v1
  
  
  jquery@^3.7.1:
    version "3.7.1"
    resolved "https://registry.yarnpkg.com/jquery/-/jquery-3.7.1.tgz#083ef98927c9a6a74d05a6af02806566d16274de"
    integrity sha512-m4avr8yL8kmFN8psrbFFFmB/If14iN5o9nw/NgnnM+kybDJpRsAynV2BsfpTYrTRysYUdADVD7CkUUizgkpLfg==
